[debug] [2025-01-09T01:34:27.456Z] ----------------------------------------------------------------------
[debug] [2025-01-09T01:34:27.465Z] Command:       C:\nvm4w\nodejs\node.exe C:\Users\Administrator\AppData\Roaming\npm\node_modules\firebase-tools\lib\bin\firebase.js init
[debug] [2025-01-09T01:34:27.466Z] CLI Version:   13.29.1
[debug] [2025-01-09T01:34:27.466Z] Platform:      win32
[debug] [2025-01-09T01:34:27.466Z] Node Version:  v20.18.1
[debug] [2025-01-09T01:34:27.467Z] Time:          Thu Jan 09 2025 09:34:27 GMT+0800 (China Standard Time)
[debug] [2025-01-09T01:34:27.467Z] ----------------------------------------------------------------------
[debug] 
[debug] [2025-01-09T01:34:27.578Z] > command requires scopes: ["email","openid","https://www.googleapis.com/auth/cloudplatformprojects.readonly","https://www.googleapis.com/auth/firebase","https://www.googleapis.com/auth/cloud-platform"]
[debug] [2025-01-09T01:34:27.579Z] > authorizing via signed-in user (danmossesgeld@gmail.com)
[info] 
     ######## #### ########  ######## ########     ###     ######  ########
     ##        ##  ##     ## ##       ##     ##  ##   ##  ##       ##
     ######    ##  ########  ######   ########  #########  ######  ######
     ##        ##  ##    ##  ##       ##     ## ##     ##       ## ##
     ##       #### ##     ## ######## ########  ##     ##  ######  ########

You're about to initialize a Firebase project in this directory:

  C:\Users\Administrator\Desktop\pos-system

Before we get started, keep in mind:

  * You are initializing within an existing Firebase project directory

[info] 
=== Project Setup
[info] 
[info] First, let's associate this project directory with a Firebase project.
[info] You can create multiple project aliases by running firebase use --add, 
[info] but for now we'll just set up a default project.
[info] 
[debug] [2025-01-09T01:34:34.934Z] Using project from CLI flag: web-pos-8eaf3
[debug] [2025-01-09T01:34:34.937Z] Checked if tokens are valid: false, expires at: 1736365808792
[debug] [2025-01-09T01:34:34.937Z] Checked if tokens are valid: false, expires at: 1736365808792
[debug] [2025-01-09T01:34:34.938Z] > refreshing access token with scopes: []
[debug] [2025-01-09T01:34:34.941Z] >>> [apiv2][query] POST https://www.googleapis.com/oauth2/v3/token [none]
[debug] [2025-01-09T01:34:34.941Z] >>> [apiv2][body] POST https://www.googleapis.com/oauth2/v3/token [omitted]
[debug] [2025-01-09T01:34:35.158Z] <<< [apiv2][status] POST https://www.googleapis.com/oauth2/v3/token 200
[debug] [2025-01-09T01:34:35.158Z] <<< [apiv2][body] POST https://www.googleapis.com/oauth2/v3/token [omitted]
[debug] [2025-01-09T01:34:35.175Z] >>> [apiv2][query] GET https://firebase.googleapis.com/v1beta1/projects/web-pos-8eaf3 [none]
[debug] [2025-01-09T01:34:35.478Z] <<< [apiv2][status] GET https://firebase.googleapis.com/v1beta1/projects/web-pos-8eaf3 200
[debug] [2025-01-09T01:34:35.478Z] <<< [apiv2][body] GET https://firebase.googleapis.com/v1beta1/projects/web-pos-8eaf3 {"projectId":"web-pos-8eaf3","projectNumber":"92708799998","displayName":"web-pos","name":"projects/web-pos-8eaf3","resources":{"hostingSite":"web-pos-8eaf3"},"state":"ACTIVE","etag":"1_ed673058-9269-4267-a58c-43ee658d79b3"}
[info] i  Using project web-pos-8eaf3 (web-pos) 
[info] 
=== Hosting Setup
[debug] [2025-01-09T01:34:35.487Z] Checked if tokens are valid: true, expires at: 1736390074158
[debug] [2025-01-09T01:34:35.488Z] Checked if tokens are valid: true, expires at: 1736390074158
[debug] [2025-01-09T01:34:35.488Z] >>> [apiv2][query] GET https://firebase.googleapis.com/v1beta1/projects/web-pos-8eaf3 [none]
[debug] [2025-01-09T01:34:35.731Z] <<< [apiv2][status] GET https://firebase.googleapis.com/v1beta1/projects/web-pos-8eaf3 200
[debug] [2025-01-09T01:34:35.731Z] <<< [apiv2][body] GET https://firebase.googleapis.com/v1beta1/projects/web-pos-8eaf3 {"projectId":"web-pos-8eaf3","projectNumber":"92708799998","displayName":"web-pos","name":"projects/web-pos-8eaf3","resources":{"hostingSite":"web-pos-8eaf3"},"state":"ACTIVE","etag":"1_ed673058-9269-4267-a58c-43ee658d79b3"}
[info] 
[info] i  Didn't detect a .git folder. Assuming C:\Users\Administrator\Desktop\pos-system is the project root. 
[info] i  Authorizing with GitHub to upload your service account to a GitHub repository's secrets store. 
[info] 
[info] Visit this URL on this device to log in:
[info] https://github.com/login/oauth/authorize?client_id=89cf50f02ac6aaed3484&state=577425758&redirect_uri=http%3A%2F%2Flocalhost%3A9005&scope=read%3Auser%20repo%20public_repo
[info] 
[info] Waiting for authentication...
